1756133656495	geckodriver	INFO	Listening on 127.0.0.1:63633
1756133659557	mozrunner::runner	INFO	Running command: "C:\\Program Files\\Mozilla Firefox\\firefox.exe" "--marionette" "--remote-debugging-port" "63634" "--remote-allow-hosts" "localhost" "-no-remote" "-profile" "C:\\Users\\Matheus\\AppData\\Local\\Temp\\rust_mozprofilewGQTGh"
console.warn: services.settings: Ignoring preference override of remote settings server
console.warn: services.settings: Allow by setting MOZ_REMOTE_SETTINGS_DEVTOOLS=1 in the environment
Dynamically enable window occlusion 0
1756133659782	Marionette	INFO	Marionette enabled
1756133659868	Marionette	INFO	Listening on port 57445
WebDriver BiDi listening on ws://127.0.0.1:63634
Read port: 57445
1756133660008	RemoteAgent	WARN	TLS certificate errors will be ignored for this session
console.warn: LoginRecipes: "Falling back to a synchronous message for: https://www.saucedemo.com."
console.warn: LoginRecipes: "Falling back to a synchronous message for: https://www.saucedemo.com."
JavaScript error: resource:///modules/sessionstore/SessionStore.sys.mjs, line 2824: NotFoundError: No such JSProcessActor 'DevToolsProcess'
JavaScript error: resource:///modules/sessionstore/SessionStore.sys.mjs, line 2824: NotFoundError: No such JSProcessActor 'DevToolsProcess'
JavaScript error: resource:///modules/sessionstore/SessionStore.sys.mjs, line 2824: NotFoundError: No such JSProcessActor 'DevToolsProcess'
1756133713105	Marionette	INFO	Stopped listening on port 57445
Dynamically enable window occlusion 1
console.error: "Failed to fetch https://ads.mozilla.org/v1/delete_user:" "NetworkError when attempting to fetch resource."
console.warn: TopSitesFeed: Failed to fetch data from MARS server: NetworkError when attempting to fetch resource.
console.error: "Error in worker resource://devtools/client/shared/source-map-loader/worker.js" ": "
JavaScript error: resource://services-settings/RemoteSettingsClient.sys.mjs, line 102: Error: Unknown callback
